<?xml version="1.0" encoding="UTF-8"?>
<testsuite xmlns:xsi="http://www.w3.org/2001/XMLSchema-instance" xsi:noNamespaceSchemaLocation="https://maven.apache.org/surefire/maven-surefire-plugin/xsd/surefire-test-report-3.0.xsd" version="3.0" name="flightapp.FlightServiceTest" time="106.715" tests="23" errors="0" skipped="0" failures="0">
  <properties>
    <property name="java.specification.version" value="17"/>
    <property name="test.cases" value="cases/no_transaction/"/>
    <property name="sun.jnu.encoding" value="UTF-8"/>
    <property name="java.class.path" value="/homes/iws/belem/.m2/repository/org/apache/maven/surefire/surefire-booter/3.0.0-M5/surefire-booter-3.0.0-M5.jar:/homes/iws/belem/.m2/repository/org/apache/maven/surefire/surefire-api/3.0.0-M5/surefire-api-3.0.0-M5.jar:/homes/iws/belem/.m2/repository/org/apache/maven/surefire/surefire-logger-api/3.0.0-M5/surefire-logger-api-3.0.0-M5.jar:/homes/iws/belem/.m2/repository/org/apache/maven/surefire/surefire-shared-utils/3.0.0-M4/surefire-shared-utils-3.0.0-M4.jar:/homes/iws/belem/.m2/repository/org/apache/maven/surefire/surefire-extensions-spi/3.0.0-M5/surefire-extensions-spi-3.0.0-M5.jar:/homes/iws/belem/flightProject/target/test-classes:/homes/iws/belem/flightProject/target/classes:/homes/iws/belem/.m2/repository/junit/junit/4.13/junit-4.13.jar:/homes/iws/belem/.m2/repository/org/hamcrest/hamcrest-core/1.3/hamcrest-core-1.3.jar:/homes/iws/belem/.m2/repository/com/microsoft/sqlserver/mssql-jdbc/9.2.1.jre11/mssql-jdbc-9.2.1.jre11.jar:/homes/iws/belem/.m2/repository/org/mybatis/mybatis/3.5.7/mybatis-3.5.7.jar:/homes/iws/belem/.m2/repository/commons-io/commons-io/2.8.0/commons-io-2.8.0.jar:/homes/iws/belem/flightProject/distributed.jar:/homes/iws/belem/.m2/repository/org/apache/maven/surefire/surefire-junit4/3.0.0-M5/surefire-junit4-3.0.0-M5.jar:/homes/iws/belem/.m2/repository/org/apache/maven/surefire/common-java5/3.0.0-M5/common-java5-3.0.0-M5.jar:/homes/iws/belem/.m2/repository/org/apache/maven/surefire/common-junit3/3.0.0-M5/common-junit3-3.0.0-M5.jar:/homes/iws/belem/.m2/repository/org/apache/maven/surefire/common-junit4/3.0.0-M5/common-junit4-3.0.0-M5.jar"/>
    <property name="java.vm.vendor" value="Red Hat, Inc."/>
    <property name="sun.arch.data.model" value="64"/>
    <property name="java.vendor.url" value="https://www.redhat.com/"/>
    <property name="os.name" value="Linux"/>
    <property name="java.vm.specification.version" value="17"/>
    <property name="sun.java.launcher" value="SUN_STANDARD"/>
    <property name="user.country" value="US"/>
    <property name="sun.boot.library.path" value="/usr/lib/jvm/java-17-openjdk-17.0.11.0.9-2.el9.x86_64/lib"/>
    <property name="sun.java.command" value="org.apache.maven.surefire.booter.ForkedBooter /homes/iws/belem/flightProject/target/surefire 2024-05-24T14-13-21_601-jvmRun1 surefire3033429494154977927tmp surefire_06619352486220777325tmp"/>
    <property name="jdk.debug" value="release"/>
    <property name="surefire.test.class.path" value="/homes/iws/belem/flightProject/target/test-classes:/homes/iws/belem/flightProject/target/classes:/homes/iws/belem/.m2/repository/junit/junit/4.13/junit-4.13.jar:/homes/iws/belem/.m2/repository/org/hamcrest/hamcrest-core/1.3/hamcrest-core-1.3.jar:/homes/iws/belem/.m2/repository/com/microsoft/sqlserver/mssql-jdbc/9.2.1.jre11/mssql-jdbc-9.2.1.jre11.jar:/homes/iws/belem/.m2/repository/org/mybatis/mybatis/3.5.7/mybatis-3.5.7.jar:/homes/iws/belem/.m2/repository/commons-io/commons-io/2.8.0/commons-io-2.8.0.jar:/homes/iws/belem/flightProject/distributed.jar:"/>
    <property name="sun.cpu.endian" value="little"/>
    <property name="user.home" value="/homes/iws/belem"/>
    <property name="user.language" value="en"/>
    <property name="java.specification.vendor" value="Oracle Corporation"/>
    <property name="java.version.date" value="2024-04-16"/>
    <property name="java.home" value="/usr/lib/jvm/java-17-openjdk-17.0.11.0.9-2.el9.x86_64"/>
    <property name="file.separator" value="/"/>
    <property name="basedir" value="/homes/iws/belem/flightProject"/>
    <property name="java.vm.compressedOopsMode" value="Zero based"/>
    <property name="line.separator" value="&#10;"/>
    <property name="java.vm.specification.vendor" value="Oracle Corporation"/>
    <property name="java.specification.name" value="Java Platform API Specification"/>
    <property name="sun.management.compiler" value="HotSpot 64-Bit Tiered Compilers"/>
    <property name="java.runtime.version" value="17.0.11+9-LTS"/>
    <property name="user.name" value="belem"/>
    <property name="path.separator" value=":"/>
    <property name="os.version" value="5.14.0-362.24.1.el9_3.x86_64"/>
    <property name="java.runtime.name" value="OpenJDK Runtime Environment"/>
    <property name="file.encoding" value="UTF-8"/>
    <property name="java.vm.name" value="OpenJDK 64-Bit Server VM"/>
    <property name="java.vendor.version" value="(Red_Hat-17.0.11.0.9-3)"/>
    <property name="localRepository" value="/homes/iws/belem/.m2/repository"/>
    <property name="java.vendor.url.bug" value="https://access.redhat.com/support/cases/"/>
    <property name="java.io.tmpdir" value="/tmp"/>
    <property name="java.version" value="17.0.11"/>
    <property name="user.dir" value="/homes/iws/belem/flightProject"/>
    <property name="os.arch" value="amd64"/>
    <property name="java.vm.specification.name" value="Java Virtual Machine Specification"/>
    <property name="native.encoding" value="UTF-8"/>
    <property name="java.library.path" value="/usr/java/packages/lib:/usr/lib64:/lib64:/lib:/usr/lib"/>
    <property name="java.vm.info" value="mixed mode, sharing"/>
    <property name="java.vendor" value="Red Hat, Inc."/>
    <property name="java.vm.version" value="17.0.11+9-LTS"/>
    <property name="sun.io.unicode.encoding" value="UnicodeLittle"/>
    <property name="java.class.version" value="61.0"/>
  </properties>
  <testcase name="runTest[0]" classname="flightapp.FlightServiceTest" time="2.053">
    <system-out><![CDATA[Running test setup...
... using dbconn.properties for test credentials
... resetting database (ie, dropping all tables with suffix: belem)
... running createTables.sql

Starting tests
Running test file: /homes/iws/belem/flightProject/cases/no_transaction/login/login_already.test.txt
]]></system-out>
  </testcase>
  <testcase name="runTest[1]" classname="flightapp.FlightServiceTest" time="0.459">
    <system-out><![CDATA[Running test file: /homes/iws/belem/flightProject/cases/no_transaction/login/login_nouser.test.txt
]]></system-out>
  </testcase>
  <testcase name="runTest[2]" classname="flightapp.FlightServiceTest" time="1.487">
    <system-out><![CDATA[Running test file: /homes/iws/belem/flightProject/cases/no_transaction/login/login_single.test.txt
]]></system-out>
  </testcase>
  <testcase name="runTest[3]" classname="flightapp.FlightServiceTest" time="1.422">
    <system-out><![CDATA[Running test file: /homes/iws/belem/flightProject/cases/no_transaction/login/login_success.test.txt
]]></system-out>
  </testcase>
  <testcase name="runTest[4]" classname="flightapp.FlightServiceTest" time="1.437">
    <system-out><![CDATA[Running test file: /homes/iws/belem/flightProject/cases/no_transaction/login/login_wrongPassword.test.txt
]]></system-out>
  </testcase>
  <testcase name="runTest[5]" classname="flightapp.FlightServiceTest" time="0.429">
    <system-out><![CDATA[Running test file: /homes/iws/belem/flightProject/cases/no_transaction/reservations/reservations_userNotLoggedIn.test.txt
]]></system-out>
  </testcase>
  <testcase name="runTest[6]" classname="flightapp.FlightServiceTest" time="18.541">
    <system-out><![CDATA[Running test file: /homes/iws/belem/flightProject/cases/no_transaction/reservations/reservations_same_day.test.txt
]]></system-out>
  </testcase>
  <testcase name="runTest[7]" classname="flightapp.FlightServiceTest" time="18.757">
    <system-out><![CDATA[Running test file: /homes/iws/belem/flightProject/cases/no_transaction/reservations/reservations_basic.test.txt
]]></system-out>
  </testcase>
  <testcase name="runTest[8]" classname="flightapp.FlightServiceTest" time="18.836">
    <system-out><![CDATA[Running test file: /homes/iws/belem/flightProject/cases/no_transaction/pay/pay_insufficient.test.txt
]]></system-out>
  </testcase>
  <testcase name="runTest[9]" classname="flightapp.FlightServiceTest" time="3.507">
    <system-out><![CDATA[Running test file: /homes/iws/belem/flightProject/cases/no_transaction/pay/pay_noreservation.test.txt
]]></system-out>
  </testcase>
  <testcase name="runTest[10]" classname="flightapp.FlightServiceTest" time="6.634">
    <system-out><![CDATA[Running test file: /homes/iws/belem/flightProject/cases/no_transaction/pay/pay_indirectFlightsItinerary.test.txt
]]></system-out>
  </testcase>
  <testcase name="runTest[11]" classname="flightapp.FlightServiceTest" time="3.725">
    <system-out><![CDATA[Running test file: /homes/iws/belem/flightProject/cases/no_transaction/pay/pay_basic.test.txt
]]></system-out>
  </testcase>
  <testcase name="runTest[12]" classname="flightapp.FlightServiceTest" time="3.083">
    <system-out><![CDATA[Running test file: /homes/iws/belem/flightProject/cases/no_transaction/pay/pay_already.test.txt
]]></system-out>
  </testcase>
  <testcase name="runTest[13]" classname="flightapp.FlightServiceTest" time="0.945">
    <system-out><![CDATA[Running test file: /homes/iws/belem/flightProject/cases/no_transaction/create/create_basic.test.txt
]]></system-out>
  </testcase>
  <testcase name="runTest[14]" classname="flightapp.FlightServiceTest" time="0.408">
    <system-out><![CDATA[Running test file: /homes/iws/belem/flightProject/cases/no_transaction/create/create_negative.test.txt
]]></system-out>
  </testcase>
  <testcase name="runTest[15]" classname="flightapp.FlightServiceTest" time="3.308">
    <system-out><![CDATA[Running test file: /homes/iws/belem/flightProject/cases/no_transaction/search/search_topk_direct.test.txt
]]></system-out>
  </testcase>
  <testcase name="runTest[16]" classname="flightapp.FlightServiceTest" time="3.106">
    <system-out><![CDATA[Running test file: /homes/iws/belem/flightProject/cases/no_transaction/search/search_indirect.test.txt
]]></system-out>
  </testcase>
  <testcase name="runTest[17]" classname="flightapp.FlightServiceTest" time="2.08">
    <system-out><![CDATA[Running test file: /homes/iws/belem/flightProject/cases/no_transaction/search/search_lessThanN.test.txt
]]></system-out>
  </testcase>
  <testcase name="runTest[18]" classname="flightapp.FlightServiceTest" time="5.451">
    <system-out><![CDATA[Running test file: /homes/iws/belem/flightProject/cases/no_transaction/search/search_topk.test.txt
]]></system-out>
  </testcase>
  <testcase name="runTest[19]" classname="flightapp.FlightServiceTest" time="1.831">
    <system-out><![CDATA[Running test file: /homes/iws/belem/flightProject/cases/no_transaction/search/search_basic.test.txt
]]></system-out>
  </testcase>
  <testcase name="runTest[20]" classname="flightapp.FlightServiceTest" time="2.053">
    <system-out><![CDATA[Running test file: /homes/iws/belem/flightProject/cases/no_transaction/book/book_withoutLogIn.test.txt
]]></system-out>
  </testcase>
  <testcase name="runTest[21]" classname="flightapp.FlightServiceTest" time="3.359">
    <system-out><![CDATA[Running test file: /homes/iws/belem/flightProject/cases/no_transaction/book/book_basic.test.txt
]]></system-out>
  </testcase>
  <testcase name="runTest[22]" classname="flightapp.FlightServiceTest" time="2.811">
    <system-out><![CDATA[Running test file: /homes/iws/belem/flightProject/cases/no_transaction/book/book_noitinerary.test.txt
]]></system-out>
  </testcase>
</testsuite>